[debug] [2023-09-10T14:53:57.654Z] ----------------------------------------------------------------------
[debug] [2023-09-10T14:53:57.657Z] Command:       C:\Program Files\nodejs\node.exe C:\Program Files\nodejs\node_modules\firebase-tools\lib\bin\firebase.js init
[debug] [2023-09-10T14:53:57.657Z] CLI Version:   12.5.3
[debug] [2023-09-10T14:53:57.657Z] Platform:      win32
[debug] [2023-09-10T14:53:57.657Z] Node Version:  v18.16.0
[debug] [2023-09-10T14:53:57.658Z] Time:          Sun Sep 10 2023 21:53:57 GMT+0700 (Indochina Time)
[debug] [2023-09-10T14:53:57.658Z] ----------------------------------------------------------------------
[debug] 
[debug] [2023-09-10T14:53:57.667Z] > command requires scopes: ["email","openid","https://www.googleapis.com/auth/cloudplatformprojects.readonly","https://www.googleapis.com/auth/firebase","https://www.googleapis.com/auth/cloud-platform"]
[debug] [2023-09-10T14:53:57.667Z] > authorizing via signed-in user (trmthanh220895@gmail.com)
[info] 
     ######## #### ########  ######## ########     ###     ######  ########
     ##        ##  ##     ## ##       ##     ##  ##   ##  ##       ##
     ######    ##  ########  ######   ########  #########  ######  ######
     ##        ##  ##    ##  ##       ##     ## ##     ##       ## ##
     ##       #### ##     ## ######## ########  ##     ##  ######  ########

You're about to initialize a Firebase project in this directory:

  C:\Users\Brian\Desktop\test-firebase

[info] 
=== Project Setup
[info] 
[info] First, let's associate this project directory with a Firebase project.
[info] You can create multiple project aliases by running firebase use --add, 
[info] but for now we'll just set up a default project.
[info] 
[debug] [2023-09-10T14:54:05.556Z] >>> [apiv2][query] GET https://firebase.googleapis.com/v1beta1/projects pageSize=100
[debug] [2023-09-10T14:54:06.549Z] <<< [apiv2][status] GET https://firebase.googleapis.com/v1beta1/projects 200
[debug] [2023-09-10T14:54:06.549Z] <<< [apiv2][body] GET https://firebase.googleapis.com/v1beta1/projects [omitted]
[info] i  Using project test-firebase-6c88b (test-firebase) 
[info] 
=== Hosting Setup
[info] 
[info] Your public directory is the folder (relative to your project directory) that
[info] will contain Hosting assets to be uploaded with firebase deploy. If you
[info] have a build process for your assets, use your build's output directory.
[info] 
